<?xml version="1.0" encoding="UTF-8"?>
<!-- Generated by org.testng.reporters.JUnitReportReporter -->
<testsuite hostname="LAPTOP-75N9DP06" name="facebook.Foreseegame" tests="1" failures="0" timestamp="10 Mar 2016 16:21:16 GMT" time="13.973" errors="0">
  <testcase name="testForeseegame" time="13.973" classname="facebook.Foreseegame"/>
</testsuite> <!-- facebook.Foreseegame -->
