<?xml version="1.0" encoding="UTF-8"?>
<!-- Generated by org.testng.reporters.JUnitReportReporter -->
<testsuite hostname="LAPTOP-75N9DP06" name="facebook.DataDrivenExamples" tests="2" failures="0" timestamp="20 Mar 2016 10:05:09 GMT" time="93.187" errors="0">
  <testcase name="sample" time="50.452" classname="facebook.DataDrivenExamples"/>
  <testcase name="sample" time="42.735" classname="facebook.DataDrivenExamples"/>
</testsuite> <!-- facebook.DataDrivenExamples -->
