<?xml version="1.0" encoding="UTF-8"?>
<!-- Generated by org.testng.reporters.JUnitReportReporter -->
<testsuite hostname="LAPTOP-75N9DP06" name="facebook.ScreenShotApi" tests="1" failures="0" timestamp="10 Mar 2016 14:04:42 GMT" time="26.219" errors="0">
  <testcase name="testSwitchWindowExmaple" time="26.219" classname="facebook.ScreenShotApi"/>
</testsuite> <!-- facebook.ScreenShotApi -->
