<?xml version="1.0" encoding="UTF-8"?>
<!-- Generated by org.testng.reporters.JUnitReportReporter -->
<testsuite hostname="LAPTOP-75N9DP06" name="facebook.ActionsAPI" tests="1" failures="0" timestamp="29 Mar 2016 10:09:03 GMT" time="37.599" errors="0">
  <testcase name="testActionsAPI" time="37.599" classname="facebook.ActionsAPI"/>
</testsuite> <!-- facebook.ActionsAPI -->
