<?xml version="1.0" encoding="UTF-8"?>
<!-- Generated by org.testng.reporters.JUnitReportReporter -->
<testsuite hostname="LAPTOP-75N9DP06" name="com.paytm.landline.tests.LandLineTest" tests="1" failures="0" timestamp="1 Apr 2016 13:40:16 GMT" time="67.432" errors="0">
  <testcase name="testLandLinePage" time="67.432" classname="com.paytm.landline.tests.LandLineTest"/>
</testsuite> <!-- com.paytm.landline.tests.LandLineTest -->
