<?xml version="1.0" encoding="UTF-8"?>
<!-- Generated by org.testng.reporters.JUnitReportReporter -->
<testsuite hostname="LAPTOP-75N9DP06" name="facebook.TableExample1" tests="1" failures="0" timestamp="10 Mar 2016 17:48:37 GMT" time="118.097" errors="0">
  <testcase name="testTableExample" time="118.097" classname="facebook.TableExample1"/>
</testsuite> <!-- facebook.TableExample1 -->
