<?xml version="1.0" encoding="UTF-8"?>
<!-- Generated by org.testng.reporters.JUnitReportReporter -->
<testsuite hostname="LAPTOP-75N9DP06" name="com.paytm.datacard.test.DataCardTest" tests="1" failures="0" timestamp="31 Mar 2016 11:21:37 GMT" time="44.515" errors="0">
  <testcase name="testDataCardPage" time="44.515" classname="com.paytm.datacard.test.DataCardTest"/>
</testsuite> <!-- com.paytm.datacard.test.DataCardTest -->
