<?xml version="1.0" encoding="UTF-8"?>
<!-- Generated by org.testng.reporters.JUnitReportReporter -->
<testsuite hostname="LAPTOP-75N9DP06" name="com.paytm.dthtest.CheckingErrorMessages" tests="1" failures="0" timestamp="1 Apr 2016 14:02:51 GMT" time="127.866" errors="0">
  <testcase name="testCheckingErrorMessages" time="127.866" classname="com.paytm.dthtest.CheckingErrorMessages"/>
</testsuite> <!-- com.paytm.dthtest.CheckingErrorMessages -->
