<?xml version="1.0" encoding="UTF-8"?>
<!-- Generated by org.testng.reporters.JUnitReportReporter -->
<testsuite hostname="LAPTOP-75N9DP06" name="com.apipracticeexamples.tests.Fresh" tests="1" failures="0" timestamp="14 Apr 2016 14:16:19 GMT" time="15.177" errors="0">
  <testcase name="test" time="15.177" classname="com.apipracticeexamples.tests.Fresh"/>
</testsuite> <!-- com.apipracticeexamples.tests.Fresh -->
