<?xml version="1.0" encoding="UTF-8"?>
<!-- Generated by org.testng.reporters.JUnitReportReporter -->
<testsuite hostname="LAPTOP-75N9DP06" name="com.paytm.movies.test.MoviesTest" tests="1" failures="0" timestamp="31 Mar 2016 07:41:13 GMT" time="527.476" errors="0">
  <testcase name="testMoviesPage" time="527.476" classname="com.paytm.movies.test.MoviesTest"/>
</testsuite> <!-- com.paytm.movies.test.MoviesTest -->
