<?xml version="1.0" encoding="UTF-8"?>
<!-- Generated by org.testng.reporters.JUnitReportReporter -->
<testsuite hostname="LAPTOP-75N9DP06" name="facebook.TableExample" tests="1" failures="0" timestamp="29 Mar 2016 10:11:53 GMT" time="18.692" errors="0">
  <testcase name="testTable" time="18.692" classname="facebook.TableExample"/>
</testsuite> <!-- facebook.TableExample -->
