<?xml version="1.0" encoding="UTF-8"?>
<!-- Generated by org.testng.reporters.JUnitReportReporter -->
<testsuite hostname="LAPTOP-75N9DP06" name="com.newtours.registration.tests.RegistrationPageTest" tests="1" failures="0" timestamp="2 Apr 2016 16:52:36 GMT" time="22.267" errors="0">
  <testcase name="testRegistrationPage" time="22.267" classname="com.newtours.registration.tests.RegistrationPageTest"/>
</testsuite> <!-- com.newtours.registration.tests.RegistrationPageTest -->
