<?xml version="1.0" encoding="UTF-8"?>
<!-- Generated by org.testng.reporters.JUnitReportReporter -->
<testsuite hostname="LAPTOP-75N9DP06" name="facebook.GmailLogin" tests="3" failures="0" timestamp="29 Mar 2016 09:30:19 GMT" time="29.431" errors="0">
  <testcase name="testGmailLogin" time="10.337" classname="facebook.GmailLogin"/>
  <testcase name="testGmailLogin" time="9.617" classname="facebook.GmailLogin"/>
  <testcase name="testGmailLogin" time="9.477" classname="facebook.GmailLogin"/>
</testsuite> <!-- facebook.GmailLogin -->
