<?xml version="1.0" encoding="UTF-8"?>
<!-- Generated by org.testng.reporters.JUnitReportReporter -->
<testsuite hostname="LAPTOP-75N9DP06" name="facebook.IframeApiExample" tests="1" failures="0" timestamp="10 Mar 2016 14:55:50 GMT" time="99.170" errors="0">
  <testcase name="testIframe" time="99.170" classname="facebook.IframeApiExample"/>
</testsuite> <!-- facebook.IframeApiExample -->
