<?xml version="1.0" encoding="UTF-8"?>
<!-- Generated by org.testng.reporters.JUnitReportReporter -->
<testsuite hostname="LAPTOP-75N9DP06" name="com.paytm.dthtest.DTHRechargeTest" tests="1" failures="0" timestamp="31 Mar 2016 04:56:07 GMT" time="106.681" errors="0">
  <testcase name="testDTHRecharge" time="106.681" classname="com.paytm.dthtest.DTHRechargeTest"/>
</testsuite> <!-- com.paytm.dthtest.DTHRechargeTest -->
