<?xml version="1.0" encoding="UTF-8"?>
<!-- Generated by org.testng.reporters.JUnitReportReporter -->
<testsuite hostname="LAPTOP-75N9DP06" name="facebook.WindowsSwitchExample" tests="1" failures="0" timestamp="9 Mar 2016 18:26:07 GMT" time="13.384" errors="0">
  <testcase name="testSwitchWindowExmaple" time="13.384" classname="facebook.WindowsSwitchExample"/>
</testsuite> <!-- facebook.WindowsSwitchExample -->
