<?xml version="1.0" encoding="UTF-8"?>
<!-- Generated by org.testng.reporters.JUnitReportReporter -->
<testsuite hostname="LAPTOP-75N9DP06" name="facebook.ImageExamplePractice" tests="1" failures="0" timestamp="12 Mar 2016 13:03:09 GMT" time="11.886" errors="0">
  <testcase name="testImageExample" time="11.886" classname="facebook.ImageExamplePractice"/>
</testsuite> <!-- facebook.ImageExamplePractice -->
