<?xml version="1.0" encoding="UTF-8"?>
<!-- Generated by org.testng.reporters.JUnitReportReporter -->
<testsuite hostname="LAPTOP-75N9DP06" name="facebook.AjaxDropBox" tests="1" failures="0" timestamp="29 Mar 2016 10:09:03 GMT" time="20.713" errors="0">
  <testcase name="testAjaxDropBox" time="20.713" classname="facebook.AjaxDropBox"/>
</testsuite> <!-- facebook.AjaxDropBox -->
