<?xml version="1.0" encoding="UTF-8"?>
<!-- Generated by org.testng.reporters.JUnitReportReporter -->
<testsuite hostname="LAPTOP-75N9DP06" name="facebook.InputCount" tests="1" failures="0" timestamp="12 Mar 2016 12:25:24 GMT" time="14.912" errors="0">
  <testcase name="testInputCount" time="14.912" classname="facebook.InputCount"/>
</testsuite> <!-- facebook.InputCount -->
