<?xml version="1.0" encoding="UTF-8"?>
<!-- Generated by org.testng.reporters.JUnitReportReporter -->
<testsuite hostname="LAPTOP-75N9DP06" name="com.apipracticeexamples.tests.TestJqueryUIMenus" tests="1" failures="0" timestamp="14 Apr 2016 14:11:59 GMT" time="82.811" errors="0">
  <testcase name="testJqueryUIMenus" time="82.811" classname="com.apipracticeexamples.tests.TestJqueryUIMenus"/>
</testsuite> <!-- com.apipracticeexamples.tests.TestJqueryUIMenus -->
