<?xml version="1.0" encoding="UTF-8"?>
<!-- Generated by org.testng.reporters.JUnitReportReporter -->
<testsuite hostname="LAPTOP-75N9DP06" name="facebook.ImageExample" tests="1" failures="0" timestamp="12 Mar 2016 12:47:20 GMT" time="12.005" errors="0">
  <testcase name="testImage" time="12.005" classname="facebook.ImageExample"/>
</testsuite> <!-- facebook.ImageExample -->
