<?xml version="1.0" encoding="UTF-8"?>
<!-- Generated by org.testng.reporters.JUnitReportReporter -->
<testsuite hostname="LAPTOP-75N9DP06" name="facebook.FacebookLoginUsingXLSheet" tests="6" failures="0" timestamp="29 Mar 2016 10:06:14 GMT" time="69.310" errors="0">
  <testcase name="testGmailLogin" time="9.159" classname="facebook.FacebookLoginUsingXLSheet"/>
  <testcase name="testFacebookLogin" time="11.669" classname="facebook.FacebookLoginUsingXLSheet"/>
  <testcase name="testGmailLogin" time="10.909" classname="facebook.FacebookLoginUsingXLSheet"/>
  <testcase name="testGmailLogin" time="12.205" classname="facebook.FacebookLoginUsingXLSheet"/>
  <testcase name="testFacebookLogin" time="13.661" classname="facebook.FacebookLoginUsingXLSheet"/>
  <testcase name="testFacebookLogin" time="11.707" classname="facebook.FacebookLoginUsingXLSheet"/>
</testsuite> <!-- facebook.FacebookLoginUsingXLSheet -->
