<?xml version="1.0" encoding="UTF-8"?>
<!-- Generated by org.testng.reporters.JUnitReportReporter -->
<testsuite hostname="LAPTOP-75N9DP06" name="com.paytm.homepage.FbLogin" tests="1" failures="0" timestamp="20 Mar 2016 09:00:12 GMT" time="103.870" errors="0">
  <testcase name="testFbLogin" time="103.870" classname="com.paytm.homepage.FbLogin"/>
</testsuite> <!-- com.paytm.homepage.FbLogin -->
