<?xml version="1.0" encoding="UTF-8"?>
<!-- Generated by org.testng.reporters.JUnitReportReporter -->
<testsuite hostname="LAPTOP-75N9DP06" name="com.paytm.tests.mobile.MobileTest" tests="1" failures="0" timestamp="9 Mar 2016 07:06:47 GMT" time="30.318" errors="0">
  <testcase name="testPrepaidMobileRecharge" time="30.318" classname="com.paytm.tests.mobile.MobileTest"/>
</testsuite> <!-- com.paytm.tests.mobile.MobileTest -->
