<?xml version="1.0" encoding="UTF-8"?>
<!-- Generated by org.testng.reporters.JUnitReportReporter -->
<testsuite hostname="LAPTOP-75N9DP06" name="com.paytm.homepage.MobileAndAccessoriesPage" tests="1" failures="0" timestamp="26 Feb 2016 19:35:27 GMT" time="78.775" errors="0">
  <testcase name="mobileAndAccessoriespage" time="78.775" classname="com.paytm.homepage.MobileAndAccessoriesPage"/>
</testsuite> <!-- com.paytm.homepage.MobileAndAccessoriesPage -->
